This file contains any messages produced by compilers while
running configure, to aid debugging if configure makes a mistake.

It was created by fplll configure 5.2.0, which was
generated by GNU Autoconf 2.69.  Invocation command line was

  $ ./configure --no-create --no-recursion

## --------- ##
## Platform. ##
## --------- ##

hostname = citron
uname -m = x86_64
uname -r = 4.9.0-0.bpo.5-amd64
uname -s = Linux
uname -v = #1 SMP Debian 4.9.65-3+deb9u2~bpo8+1 (2017-01-05)

/usr/bin/uname -p = unknown
/bin/uname -X     = unknown

/bin/arch              = unknown
/usr/bin/arch -k       = unknown
/usr/convex/getsysinfo = unknown
/usr/bin/hostinfo      = unknown
/bin/machine           = unknown
/usr/bin/oslevel       = unknown
/bin/universe          = unknown

PATH: /usr/local/bin
PATH: /opt/bin
PATH: /usr/bin
PATH: /bin
PATH: /usr/local/games
PATH: /usr/games


## ----------- ##
## Core tests. ##
## ----------- ##

configure:2572: checking for a BSD-compatible install
configure:2640: result: /usr/bin/install -c
configure:2651: checking whether build environment is sane
configure:2706: result: yes
configure:2857: checking for a thread-safe mkdir -p
configure:2896: result: /bin/mkdir -p
configure:2903: checking for gawk
configure:2919: found /usr/bin/gawk
configure:2930: result: gawk
configure:2941: checking whether make sets $(MAKE)
configure:2963: result: yes
configure:2992: checking whether make supports nested variables
configure:3009: result: yes
configure:3146: checking whether make supports nested variables
configure:3163: result: yes
configure:3211: checking build system type
configure:3225: result: x86_64-unknown-linux-gnu
configure:3245: checking host system type
configure:3258: result: x86_64-unknown-linux-gnu
configure:3299: checking how to print strings
configure:3326: result: printf
configure:3359: checking for style of include used by make
configure:3387: result: GNU
configure:3458: checking for gcc
configure:3474: found /usr/bin/gcc
configure:3485: result: gcc
configure:3714: checking for C compiler version
configure:3723: gcc --version >&5
gcc-4.9.real (Debian 4.9.2-10+deb8u1) 4.9.2
Copyright (C) 2014 Free Software Foundation, Inc.
This is free software; see the source for copying conditions.  There is NO
warranty; not even for MERCHANTABILITY or FITNESS FOR A PARTICULAR PURPOSE.

configure:3734: $? = 0
configure:3723: gcc -v >&5
Using built-in specs.
COLLECT_GCC=/usr/bin/gcc-4.9.real
COLLECT_LTO_WRAPPER=/usr/lib/gcc/x86_64-linux-gnu/4.9/lto-wrapper
Target: x86_64-linux-gnu
Configured with: ../src/configure -v --with-pkgversion='Debian 4.9.2-10+deb8u1' --with-bugurl=file:///usr/share/doc/gcc-4.9/README.Bugs --enable-languages=c,c++,java,go,d,fortran,objc,obj-c++ --prefix=/usr --program-suffix=-4.9 --enable-shared --enable-linker-build-id --libexecdir=/usr/lib --without-included-gettext --enable-threads=posix --with-gxx-include-dir=/usr/include/c++/4.9 --libdir=/usr/lib --enable-nls --with-sysroot=/ --enable-clocale=gnu --enable-libstdcxx-debug --enable-libstdcxx-time=yes --enable-gnu-unique-object --disable-vtable-verify --enable-plugin --with-system-zlib --disable-browser-plugin --enable-java-awt=gtk --enable-gtk-cairo --with-java-home=/usr/lib/jvm/java-1.5.0-gcj-4.9-amd64/jre --enable-java-home --with-jvm-root-dir=/usr/lib/jvm/java-1.5.0-gcj-4.9-amd64 --with-jvm-jar-dir=/usr/lib/jvm-exports/java-1.5.0-gcj-4.9-amd64 --with-arch-directory=amd64 --with-ecj-jar=/usr/share/java/eclipse-ecj.jar --enable-objc-gc --enable-multiarch --with-arch-32=i586 --with-abi=m64 --with-multilib-list=m32,m64,mx32 --enable-multilib --with-tune=generic --enable-checking=release --build=x86_64-linux-gnu --host=x86_64-linux-gnu --target=x86_64-linux-gnu
Thread model: posix
gcc version 4.9.2 (Debian 4.9.2-10+deb8u1) 
configure:3734: $? = 0
configure:3723: gcc -V >&5
gcc-4.9.real: error: unrecognized command line option '-V'
gcc-4.9.real: fatal error: no input files
compilation terminated.
configure:3734: $? = 4
configure:3723: gcc -qversion >&5
gcc-4.9.real: error: unrecognized command line option '-qversion'
gcc-4.9.real: fatal error: no input files
compilation terminated.
configure:3734: $? = 4
configure:3754: checking whether the C compiler works
configure:3776: gcc    conftest.c  >&5
configure:3780: $? = 0
configure:3828: result: yes
configure:3831: checking for C compiler default output file name
configure:3833: result: a.out
configure:3839: checking for suffix of executables
configure:3846: gcc -o conftest    conftest.c  >&5
configure:3850: $? = 0
configure:3872: result: 
configure:3894: checking whether we are cross compiling
configure:3902: gcc -o conftest    conftest.c  >&5
configure:3906: $? = 0
configure:3913: ./conftest
configure:3917: $? = 0
configure:3932: result: no
configure:3937: checking for suffix of object files
configure:3959: gcc -c   conftest.c >&5
configure:3963: $? = 0
configure:3984: result: o
configure:3988: checking whether we are using the GNU C compiler
configure:4007: gcc -c   conftest.c >&5
configure:4007: $? = 0
configure:4016: result: yes
configure:4025: checking whether gcc accepts -g
configure:4045: gcc -c -g  conftest.c >&5
configure:4045: $? = 0
configure:4086: result: yes
configure:4103: checking for gcc option to accept ISO C89
configure:4166: gcc  -c -g -O2  conftest.c >&5
configure:4166: $? = 0
configure:4179: result: none needed
configure:4204: checking whether gcc understands -c and -o together
configure:4226: gcc -c conftest.c -o conftest2.o
configure:4229: $? = 0
configure:4226: gcc -c conftest.c -o conftest2.o
configure:4229: $? = 0
configure:4241: result: yes
configure:4260: checking dependency style of gcc
configure:4371: result: gcc3
configure:4386: checking for a sed that does not truncate output
configure:4450: result: /bin/sed
configure:4468: checking for grep that handles long lines and -e
configure:4526: result: /bin/grep
configure:4531: checking for egrep
configure:4593: result: /bin/grep -E
configure:4598: checking for fgrep
configure:4660: result: /bin/grep -F
configure:4695: checking for ld used by gcc
configure:4762: result: /usr/bin/ld
configure:4769: checking if the linker (/usr/bin/ld) is GNU ld
configure:4784: result: yes
configure:4796: checking for BSD- or MS-compatible name lister (nm)
configure:4845: result: /usr/bin/nm -B
configure:4975: checking the name lister (/usr/bin/nm -B) interface
configure:4982: gcc -c -g -O2  conftest.c >&5
configure:4985: /usr/bin/nm -B "conftest.o"
configure:4988: output
0000000000000000 B some_variable
configure:4995: result: BSD nm
configure:4998: checking whether ln -s works
configure:5002: result: yes
configure:5010: checking the maximum length of command line arguments
configure:5141: result: 1572864
configure:5158: checking whether the shell understands some XSI constructs
configure:5168: result: yes
configure:5172: checking whether the shell understands "+="
configure:5178: result: yes
configure:5213: checking how to convert x86_64-unknown-linux-gnu file names to x86_64-unknown-linux-gnu format
configure:5253: result: func_convert_file_noop
configure:5260: checking how to convert x86_64-unknown-linux-gnu file names to toolchain format
configure:5280: result: func_convert_file_noop
configure:5287: checking for /usr/bin/ld option to reload object files
configure:5294: result: -r
configure:5368: checking for objdump
configure:5384: found /usr/bin/objdump
configure:5395: result: objdump
configure:5427: checking how to recognize dependent libraries
configure:5625: result: pass_all
configure:5710: checking for dlltool
configure:5740: result: no
configure:5770: checking how to associate runtime and link libraries
configure:5797: result: printf %s\n
configure:5858: checking for ar
configure:5874: found /usr/bin/ar
configure:5885: result: ar
configure:5922: checking for archiver @FILE support
configure:5939: gcc -c -g -O2  conftest.c >&5
configure:5939: $? = 0
configure:5942: ar cru libconftest.a @conftest.lst >&5
configure:5945: $? = 0
configure:5950: ar cru libconftest.a @conftest.lst >&5
ar: conftest.o: No such file or directory
configure:5953: $? = 1
configure:5965: result: @
configure:6023: checking for strip
configure:6039: found /usr/bin/strip
configure:6050: result: strip
configure:6122: checking for ranlib
configure:6138: found /usr/bin/ranlib
configure:6149: result: ranlib
configure:6251: checking command to parse /usr/bin/nm -B output from gcc object
configure:6371: gcc -c -g -O2  conftest.c >&5
configure:6374: $? = 0
configure:6378: /usr/bin/nm -B conftest.o \| sed -n -e 's/^.*[ ]\([ABCDGIRSTW][ABCDGIRSTW]*\)[ ][ ]*\([_A-Za-z][_A-Za-z0-9]*\)$/\1 \2 \2/p' | sed '/ __gnu_lto/d' \> conftest.nm
configure:6381: $? = 0
configure:6447: gcc -o conftest -g -O2   conftest.c conftstm.o >&5
configure:6450: $? = 0
configure:6488: result: ok
configure:6525: checking for sysroot
configure:6555: result: no
configure:6632: gcc -c -g -O2  conftest.c >&5
configure:6635: $? = 0
configure:6824: checking for mt
configure:6840: found /bin/mt
configure:6851: result: mt
configure:6874: checking if mt is a manifest tool
configure:6880: mt '-?'
configure:6888: result: no
configure:7530: checking how to run the C preprocessor
configure:7561: gcc -E  conftest.c
configure:7561: $? = 0
configure:7575: gcc -E  conftest.c
conftest.c:11:28: fatal error: ac_nonexistent.h: No such file or directory
 #include <ac_nonexistent.h>
                            ^
compilation terminated.
configure:7575: $? = 1
configure: failed program was:
| /* confdefs.h */
| #define PACKAGE_NAME "fplll"
| #define PACKAGE_TARNAME "fplll"
| #define PACKAGE_VERSION "5.2.0"
| #define PACKAGE_STRING "fplll 5.2.0"
| #define PACKAGE_BUGREPORT ""
| #define PACKAGE_URL ""
| #define PACKAGE "fplll"
| #define VERSION "5.2.0"
| /* end confdefs.h.  */
| #include <ac_nonexistent.h>
configure:7600: result: gcc -E
configure:7620: gcc -E  conftest.c
configure:7620: $? = 0
configure:7634: gcc -E  conftest.c
conftest.c:11:28: fatal error: ac_nonexistent.h: No such file or directory
 #include <ac_nonexistent.h>
                            ^
compilation terminated.
configure:7634: $? = 1
configure: failed program was:
| /* confdefs.h */
| #define PACKAGE_NAME "fplll"
| #define PACKAGE_TARNAME "fplll"
| #define PACKAGE_VERSION "5.2.0"
| #define PACKAGE_STRING "fplll 5.2.0"
| #define PACKAGE_BUGREPORT ""
| #define PACKAGE_URL ""
| #define PACKAGE "fplll"
| #define VERSION "5.2.0"
| /* end confdefs.h.  */
| #include <ac_nonexistent.h>
configure:7663: checking for ANSI C header files
configure:7683: gcc -c -g -O2  conftest.c >&5
configure:7683: $? = 0
configure:7756: gcc -o conftest -g -O2   conftest.c  >&5
configure:7756: $? = 0
configure:7756: ./conftest
configure:7756: $? = 0
configure:7767: result: yes
configure:7780: checking for sys/types.h
configure:7780: gcc -c -g -O2  conftest.c >&5
configure:7780: $? = 0
configure:7780: result: yes
configure:7780: checking for sys/stat.h
configure:7780: gcc -c -g -O2  conftest.c >&5
configure:7780: $? = 0
configure:7780: result: yes
configure:7780: checking for stdlib.h
configure:7780: gcc -c -g -O2  conftest.c >&5
configure:7780: $? = 0
configure:7780: result: yes
configure:7780: checking for string.h
configure:7780: gcc -c -g -O2  conftest.c >&5
configure:7780: $? = 0
configure:7780: result: yes
configure:7780: checking for memory.h
configure:7780: gcc -c -g -O2  conftest.c >&5
configure:7780: $? = 0
configure:7780: result: yes
configure:7780: checking for strings.h
configure:7780: gcc -c -g -O2  conftest.c >&5
configure:7780: $? = 0
configure:7780: result: yes
configure:7780: checking for inttypes.h
configure:7780: gcc -c -g -O2  conftest.c >&5
configure:7780: $? = 0
configure:7780: result: yes
configure:7780: checking for stdint.h
configure:7780: gcc -c -g -O2  conftest.c >&5
configure:7780: $? = 0
configure:7780: result: yes
configure:7780: checking for unistd.h
configure:7780: gcc -c -g -O2  conftest.c >&5
configure:7780: $? = 0
configure:7780: result: yes
configure:7794: checking for dlfcn.h
configure:7794: gcc -c -g -O2  conftest.c >&5
configure:7794: $? = 0
configure:7794: result: yes
configure:8000: checking for objdir
configure:8015: result: .libs
configure:8286: checking if gcc supports -fno-rtti -fno-exceptions
configure:8304: gcc -c -g -O2  -fno-rtti -fno-exceptions conftest.c >&5
cc1: warning: command line option '-fno-rtti' is valid for C++/ObjC++ but not for C
configure:8308: $? = 0
configure:8321: result: no
configure:8648: checking for gcc option to produce PIC
configure:8655: result: -fPIC -DPIC
configure:8663: checking if gcc PIC flag -fPIC -DPIC works
configure:8681: gcc -c -g -O2  -fPIC -DPIC -DPIC conftest.c >&5
configure:8685: $? = 0
configure:8698: result: yes
configure:8727: checking if gcc static flag -static works
configure:8755: result: yes
configure:8770: checking if gcc supports -c -o file.o
configure:8791: gcc -c -g -O2  -o out/conftest2.o conftest.c >&5
configure:8795: $? = 0
configure:8817: result: yes
configure:8825: checking if gcc supports -c -o file.o
configure:8872: result: yes
configure:8905: checking whether the gcc linker (/usr/bin/ld -m elf_x86_64) supports shared libraries
configure:10062: result: yes
configure:10099: checking whether -lc should be explicitly linked in
configure:10107: gcc -c -g -O2  conftest.c >&5
configure:10110: $? = 0
configure:10125: gcc -shared  -fPIC -DPIC conftest.o  -v -Wl,-soname -Wl,conftest -o conftest 2\>\&1 \| /bin/grep  -lc  \>/dev/null 2\>\&1
configure:10128: $? = 0
configure:10142: result: no
configure:10302: checking dynamic linker characteristics
configure:10802: gcc -o conftest -g -O2   -Wl,-rpath -Wl,/foo conftest.c  >&5
configure:10802: $? = 0
configure:11036: result: GNU/Linux ld.so
configure:11143: checking how to hardcode library paths into programs
configure:11168: result: immediate
configure:11708: checking whether stripping libraries is possible
configure:11713: result: yes
configure:11748: checking if libtool supports shared libraries
configure:11750: result: yes
configure:11753: checking whether to build shared libraries
configure:11774: result: yes
configure:11777: checking whether to build static libraries
configure:11781: result: yes
configure:11906: checking for g++
configure:11922: found /usr/bin/g++
configure:11933: result: g++
configure:11960: checking for C++ compiler version
configure:11969: g++ --version >&5
g++-4.9.real (Debian 4.9.2-10+deb8u1) 4.9.2
Copyright (C) 2014 Free Software Foundation, Inc.
This is free software; see the source for copying conditions.  There is NO
warranty; not even for MERCHANTABILITY or FITNESS FOR A PARTICULAR PURPOSE.

configure:11980: $? = 0
configure:11969: g++ -v >&5
Using built-in specs.
COLLECT_GCC=/usr/bin/g++-4.9.real
COLLECT_LTO_WRAPPER=/usr/lib/gcc/x86_64-linux-gnu/4.9/lto-wrapper
Target: x86_64-linux-gnu
Configured with: ../src/configure -v --with-pkgversion='Debian 4.9.2-10+deb8u1' --with-bugurl=file:///usr/share/doc/gcc-4.9/README.Bugs --enable-languages=c,c++,java,go,d,fortran,objc,obj-c++ --prefix=/usr --program-suffix=-4.9 --enable-shared --enable-linker-build-id --libexecdir=/usr/lib --without-included-gettext --enable-threads=posix --with-gxx-include-dir=/usr/include/c++/4.9 --libdir=/usr/lib --enable-nls --with-sysroot=/ --enable-clocale=gnu --enable-libstdcxx-debug --enable-libstdcxx-time=yes --enable-gnu-unique-object --disable-vtable-verify --enable-plugin --with-system-zlib --disable-browser-plugin --enable-java-awt=gtk --enable-gtk-cairo --with-java-home=/usr/lib/jvm/java-1.5.0-gcj-4.9-amd64/jre --enable-java-home --with-jvm-root-dir=/usr/lib/jvm/java-1.5.0-gcj-4.9-amd64 --with-jvm-jar-dir=/usr/lib/jvm-exports/java-1.5.0-gcj-4.9-amd64 --with-arch-directory=amd64 --with-ecj-jar=/usr/share/java/eclipse-ecj.jar --enable-objc-gc --enable-multiarch --with-arch-32=i586 --with-abi=m64 --with-multilib-list=m32,m64,mx32 --enable-multilib --with-tune=generic --enable-checking=release --build=x86_64-linux-gnu --host=x86_64-linux-gnu --target=x86_64-linux-gnu
Thread model: posix
gcc version 4.9.2 (Debian 4.9.2-10+deb8u1) 
configure:11980: $? = 0
configure:11969: g++ -V >&5
g++-4.9.real: error: unrecognized command line option '-V'
g++-4.9.real: fatal error: no input files
compilation terminated.
configure:11980: $? = 4
configure:11969: g++ -qversion >&5
g++-4.9.real: error: unrecognized command line option '-qversion'
g++-4.9.real: fatal error: no input files
compilation terminated.
configure:11980: $? = 4
configure:11984: checking whether we are using the GNU C++ compiler
configure:12003: g++ -c -O3 -Wall  conftest.cpp >&5
configure:12003: $? = 0
configure:12012: result: yes
configure:12021: checking whether g++ accepts -g
configure:12041: g++ -c -g  conftest.cpp >&5
configure:12041: $? = 0
configure:12082: result: yes
configure:12107: checking dependency style of g++
configure:12218: result: gcc3
configure:12251: checking how to run the C++ preprocessor
configure:12278: g++ -E  conftest.cpp
configure:12278: $? = 0
configure:12292: g++ -E  conftest.cpp
conftest.cpp:23:28: fatal error: ac_nonexistent.h: No such file or directory
 #include <ac_nonexistent.h>
                            ^
compilation terminated.
configure:12292: $? = 1
configure: failed program was:
| /* confdefs.h */
| #define PACKAGE_NAME "fplll"
| #define PACKAGE_TARNAME "fplll"
| #define PACKAGE_VERSION "5.2.0"
| #define PACKAGE_STRING "fplll 5.2.0"
| #define PACKAGE_BUGREPORT ""
| #define PACKAGE_URL ""
| #define PACKAGE "fplll"
| #define VERSION "5.2.0"
| #define STDC_HEADERS 1
| #define HAVE_SYS_TYPES_H 1
| #define HAVE_SYS_STAT_H 1
| #define HAVE_STDLIB_H 1
| #define HAVE_STRING_H 1
| #define HAVE_MEMORY_H 1
| #define HAVE_STRINGS_H 1
| #define HAVE_INTTYPES_H 1
| #define HAVE_STDINT_H 1
| #define HAVE_UNISTD_H 1
| #define HAVE_DLFCN_H 1
| #define LT_OBJDIR ".libs/"
| /* end confdefs.h.  */
| #include <ac_nonexistent.h>
configure:12317: result: g++ -E
configure:12337: g++ -E  conftest.cpp
configure:12337: $? = 0
configure:12351: g++ -E  conftest.cpp
conftest.cpp:23:28: fatal error: ac_nonexistent.h: No such file or directory
 #include <ac_nonexistent.h>
                            ^
compilation terminated.
configure:12351: $? = 1
configure: failed program was:
| /* confdefs.h */
| #define PACKAGE_NAME "fplll"
| #define PACKAGE_TARNAME "fplll"
| #define PACKAGE_VERSION "5.2.0"
| #define PACKAGE_STRING "fplll 5.2.0"
| #define PACKAGE_BUGREPORT ""
| #define PACKAGE_URL ""
| #define PACKAGE "fplll"
| #define VERSION "5.2.0"
| #define STDC_HEADERS 1
| #define HAVE_SYS_TYPES_H 1
| #define HAVE_SYS_STAT_H 1
| #define HAVE_STDLIB_H 1
| #define HAVE_STRING_H 1
| #define HAVE_MEMORY_H 1
| #define HAVE_STRINGS_H 1
| #define HAVE_INTTYPES_H 1
| #define HAVE_STDINT_H 1
| #define HAVE_UNISTD_H 1
| #define HAVE_DLFCN_H 1
| #define LT_OBJDIR ".libs/"
| /* end confdefs.h.  */
| #include <ac_nonexistent.h>
configure:12520: checking for ld used by g++
configure:12587: result: /usr/bin/ld -m elf_x86_64
configure:12594: checking if the linker (/usr/bin/ld -m elf_x86_64) is GNU ld
configure:12609: result: yes
configure:12664: checking whether the g++ linker (/usr/bin/ld -m elf_x86_64) supports shared libraries
configure:13666: result: yes
configure:13702: g++ -c -O3 -Wall  conftest.cpp >&5
configure:13705: $? = 0
configure:14225: checking for g++ option to produce PIC
configure:14232: result: -fPIC -DPIC
configure:14240: checking if g++ PIC flag -fPIC -DPIC works
configure:14258: g++ -c -O3 -Wall  -fPIC -DPIC -DPIC conftest.cpp >&5
configure:14262: $? = 0
configure:14275: result: yes
configure:14298: checking if g++ static flag -static works
configure:14326: result: yes
configure:14338: checking if g++ supports -c -o file.o
configure:14359: g++ -c -O3 -Wall  -o out/conftest2.o conftest.cpp >&5
configure:14363: $? = 0
configure:14385: result: yes
configure:14390: checking if g++ supports -c -o file.o
configure:14437: result: yes
configure:14467: checking whether the g++ linker (/usr/bin/ld -m elf_x86_64) supports shared libraries
configure:14506: result: yes
configure:14647: checking dynamic linker characteristics
configure:15315: result: GNU/Linux ld.so
configure:15368: checking how to hardcode library paths into programs
configure:15393: result: immediate
configure:15481: checking for gcc
configure:15508: result: gcc
configure:15737: checking for C compiler version
configure:15746: gcc --version >&5
gcc-4.9.real (Debian 4.9.2-10+deb8u1) 4.9.2
Copyright (C) 2014 Free Software Foundation, Inc.
This is free software; see the source for copying conditions.  There is NO
warranty; not even for MERCHANTABILITY or FITNESS FOR A PARTICULAR PURPOSE.

configure:15757: $? = 0
configure:15746: gcc -v >&5
Using built-in specs.
COLLECT_GCC=/usr/bin/gcc-4.9.real
COLLECT_LTO_WRAPPER=/usr/lib/gcc/x86_64-linux-gnu/4.9/lto-wrapper
Target: x86_64-linux-gnu
Configured with: ../src/configure -v --with-pkgversion='Debian 4.9.2-10+deb8u1' --with-bugurl=file:///usr/share/doc/gcc-4.9/README.Bugs --enable-languages=c,c++,java,go,d,fortran,objc,obj-c++ --prefix=/usr --program-suffix=-4.9 --enable-shared --enable-linker-build-id --libexecdir=/usr/lib --without-included-gettext --enable-threads=posix --with-gxx-include-dir=/usr/include/c++/4.9 --libdir=/usr/lib --enable-nls --with-sysroot=/ --enable-clocale=gnu --enable-libstdcxx-debug --enable-libstdcxx-time=yes --enable-gnu-unique-object --disable-vtable-verify --enable-plugin --with-system-zlib --disable-browser-plugin --enable-java-awt=gtk --enable-gtk-cairo --with-java-home=/usr/lib/jvm/java-1.5.0-gcj-4.9-amd64/jre --enable-java-home --with-jvm-root-dir=/usr/lib/jvm/java-1.5.0-gcj-4.9-amd64 --with-jvm-jar-dir=/usr/lib/jvm-exports/java-1.5.0-gcj-4.9-amd64 --with-arch-directory=amd64 --with-ecj-jar=/usr/share/java/eclipse-ecj.jar --enable-objc-gc --enable-multiarch --with-arch-32=i586 --with-abi=m64 --with-multilib-list=m32,m64,mx32 --enable-multilib --with-tune=generic --enable-checking=release --build=x86_64-linux-gnu --host=x86_64-linux-gnu --target=x86_64-linux-gnu
Thread model: posix
gcc version 4.9.2 (Debian 4.9.2-10+deb8u1) 
configure:15757: $? = 0
configure:15746: gcc -V >&5
gcc-4.9.real: error: unrecognized command line option '-V'
gcc-4.9.real: fatal error: no input files
compilation terminated.
configure:15757: $? = 4
configure:15746: gcc -qversion >&5
gcc-4.9.real: error: unrecognized command line option '-qversion'
gcc-4.9.real: fatal error: no input files
compilation terminated.
configure:15757: $? = 4
configure:15761: checking whether we are using the GNU C compiler
configure:15789: result: yes
configure:15798: checking whether gcc accepts -g
configure:15859: result: yes
configure:15876: checking for gcc option to accept ISO C89
configure:15952: result: none needed
configure:15977: checking whether gcc understands -c and -o together
configure:16014: result: yes
configure:16033: checking dependency style of gcc
configure:16144: result: gcc3
configure:16159: checking whether make sets $(MAKE)
configure:16181: result: yes
configure:16197: checking whether g++ supports C++11 features by default
configure:16491: g++ -c -O3 -Wall  conftest.cpp >&5
conftest.cpp:34:2: error: #error "This is not a C++11 compiler"
 #error "This is not a C++11 compiler"
  ^
configure:16491: $? = 1
configure: failed program was:
| /* confdefs.h */
| #define PACKAGE_NAME "fplll"
| #define PACKAGE_TARNAME "fplll"
| #define PACKAGE_VERSION "5.2.0"
| #define PACKAGE_STRING "fplll 5.2.0"
| #define PACKAGE_BUGREPORT ""
| #define PACKAGE_URL ""
| #define PACKAGE "fplll"
| #define VERSION "5.2.0"
| #define STDC_HEADERS 1
| #define HAVE_SYS_TYPES_H 1
| #define HAVE_SYS_STAT_H 1
| #define HAVE_STDLIB_H 1
| #define HAVE_STRING_H 1
| #define HAVE_MEMORY_H 1
| #define HAVE_STRINGS_H 1
| #define HAVE_INTTYPES_H 1
| #define HAVE_STDINT_H 1
| #define HAVE_UNISTD_H 1
| #define HAVE_DLFCN_H 1
| #define LT_OBJDIR ".libs/"
| /* end confdefs.h.  */
| 
| 
| // If the compiler admits that it is not ready for C++11, why torture it?
| // Hopefully, this will speed up the test.
| 
| #ifndef __cplusplus
| 
| #error "This is not a C++ compiler"
| 
| #elif __cplusplus < 201103L
| 
| #error "This is not a C++11 compiler"
| 
| #else
| 
| namespace cxx11
| {
| 
|   namespace test_static_assert
|   {
| 
|     template <typename T>
|     struct check
|     {
|       static_assert(sizeof(int) <= sizeof(T), "not big enough");
|     };
| 
|   }
| 
|   namespace test_final_override
|   {
| 
|     struct Base
|     {
|       virtual void f() {}
|     };
| 
|     struct Derived : public Base
|     {
|       virtual void f() override {}
|     };
| 
|   }
| 
|   namespace test_double_right_angle_brackets
|   {
| 
|     template < typename T >
|     struct check {};
| 
|     typedef check<void> single_type;
|     typedef check<check<void>> double_type;
|     typedef check<check<check<void>>> triple_type;
|     typedef check<check<check<check<void>>>> quadruple_type;
| 
|   }
| 
|   namespace test_decltype
|   {
| 
|     int
|     f()
|     {
|       int a = 1;
|       decltype(a) b = 2;
|       return a + b;
|     }
| 
|   }
| 
|   namespace test_type_deduction
|   {
| 
|     template < typename T1, typename T2 >
|     struct is_same
|     {
|       static const bool value = false;
|     };
| 
|     template < typename T >
|     struct is_same<T, T>
|     {
|       static const bool value = true;
|     };
| 
|     template < typename T1, typename T2 >
|     auto
|     add(T1 a1, T2 a2) -> decltype(a1 + a2)
|     {
|       return a1 + a2;
|     }
| 
|     int
|     test(const int c, volatile int v)
|     {
|       static_assert(is_same<int, decltype(0)>::value == true, "");
|       static_assert(is_same<int, decltype(c)>::value == false, "");
|       static_assert(is_same<int, decltype(v)>::value == false, "");
|       auto ac = c;
|       auto av = v;
|       auto sumi = ac + av + 'x';
|       auto sumf = ac + av + 1.0;
|       static_assert(is_same<int, decltype(ac)>::value == true, "");
|       static_assert(is_same<int, decltype(av)>::value == true, "");
|       static_assert(is_same<int, decltype(sumi)>::value == true, "");
|       static_assert(is_same<int, decltype(sumf)>::value == false, "");
|       static_assert(is_same<int, decltype(add(c, v))>::value == true, "");
|       return (sumf > 0.0) ? sumi : add(c, v);
|     }
| 
|   }
| 
|   namespace test_noexcept
|   {
| 
|     int f() { return 0; }
|     int g() noexcept { return 0; }
| 
|     static_assert(noexcept(f()) == false, "");
|     static_assert(noexcept(g()) == true, "");
| 
|   }
| 
|   namespace test_constexpr
|   {
| 
|     template < typename CharT >
|     unsigned long constexpr
|     strlen_c_r(const CharT *const s, const unsigned long acc) noexcept
|     {
|       return *s ? strlen_c_r(s + 1, acc + 1) : acc;
|     }
| 
|     template < typename CharT >
|     unsigned long constexpr
|     strlen_c(const CharT *const s) noexcept
|     {
|       return strlen_c_r(s, 0UL);
|     }
| 
|     static_assert(strlen_c("") == 0UL, "");
|     static_assert(strlen_c("1") == 1UL, "");
|     static_assert(strlen_c("example") == 7UL, "");
|     static_assert(strlen_c("another\0example") == 7UL, "");
| 
|   }
| 
|   namespace test_rvalue_references
|   {
| 
|     template < int N >
|     struct answer
|     {
|       static constexpr int value = N;
|     };
| 
|     answer<1> f(int&)       { return answer<1>(); }
|     answer<2> f(const int&) { return answer<2>(); }
|     answer<3> f(int&&)      { return answer<3>(); }
| 
|     void
|     test()
|     {
|       int i = 0;
|       const int c = 0;
|       static_assert(decltype(f(i))::value == 1, "");
|       static_assert(decltype(f(c))::value == 2, "");
|       static_assert(decltype(f(0))::value == 3, "");
|     }
| 
|   }
| 
|   namespace test_uniform_initialization
|   {
| 
|     struct test
|     {
|       static const int zero {};
|       static const int one {1};
|     };
| 
|     static_assert(test::zero == 0, "");
|     static_assert(test::one == 1, "");
| 
|   }
| 
|   namespace test_lambdas
|   {
| 
|     void
|     test1()
|     {
|       auto lambda1 = [](){};
|       auto lambda2 = lambda1;
|       lambda1();
|       lambda2();
|     }
| 
|     int
|     test2()
|     {
|       auto a = [](int i, int j){ return i + j; }(1, 2);
|       auto b = []() -> int { return '0'; }();
|       auto c = [=](){ return a + b; }();
|       auto d = [&](){ return c; }();
|       auto e = [a, &b](int x) mutable {
|         const auto identity = [](int y){ return y; };
|         for (auto i = 0; i < a; ++i)
|           a += b--;
|         return x + identity(a + b);
|       }(0);
|       return a + b + c + d + e;
|     }
| 
|     int
|     test3()
|     {
|       const auto nullary = [](){ return 0; };
|       const auto unary = [](int x){ return x; };
|       using nullary_t = decltype(nullary);
|       using unary_t = decltype(unary);
|       const auto higher1st = [](nullary_t f){ return f(); };
|       const auto higher2nd = [unary](nullary_t f1){
|         return [unary, f1](unary_t f2){ return f2(unary(f1())); };
|       };
|       return higher1st(nullary) + higher2nd(nullary)(unary);
|     }
| 
|   }
| 
|   namespace test_variadic_templates
|   {
| 
|     template <int...>
|     struct sum;
| 
|     template <int N0, int... N1toN>
|     struct sum<N0, N1toN...>
|     {
|       static constexpr auto value = N0 + sum<N1toN...>::value;
|     };
| 
|     template <>
|     struct sum<>
|     {
|       static constexpr auto value = 0;
|     };
| 
|     static_assert(sum<>::value == 0, "");
|     static_assert(sum<1>::value == 1, "");
|     static_assert(sum<23>::value == 23, "");
|     static_assert(sum<1, 2>::value == 3, "");
|     static_assert(sum<5, 5, 11>::value == 21, "");
|     static_assert(sum<2, 3, 5, 7, 11, 13>::value == 41, "");
| 
|   }
| 
|   // http://stackoverflow.com/questions/13728184/template-aliases-and-sfinae
|   // Clang 3.1 fails with headers of libstd++ 4.8.3 when using std::function
|   // because of this.
|   namespace test_template_alias_sfinae
|   {
| 
|     struct foo {};
| 
|     template<typename T>
|     using member = typename T::member_type;
| 
|     template<typename T>
|     void func(...) {}
| 
|     template<typename T>
|     void func(member<T>*) {}
| 
|     void test();
| 
|     void test() { func<foo>(0); }
| 
|   }
| 
| }  // namespace cxx11
| 
| #endif  // __cplusplus >= 201103L
| 
| 
| 
configure:16498: result: no
configure:16509: checking whether g++ supports C++11 features with -std=c++11
configure:16805: g++ -std=c++11 -c -O3 -Wall  conftest.cpp >&5
configure:16805: $? = 0
configure:16814: result: yes
configure:16862: checking for __gmpz_init in -lgmp
configure:16887: g++ -std=c++11 -o conftest -O3 -Wall   conftest.cpp -lgmp   >&5
configure:16887: $? = 0
configure:16896: result: yes
configure:16910: checking for __gmp_get_memory_functions in -lgmp
configure:16935: g++ -std=c++11 -o conftest -O3 -Wall   conftest.cpp -lgmp  -lgmp  >&5
configure:16935: $? = 0
configure:16944: result: yes
configure:16969: checking for mpfr_add in -lmpfr
configure:16994: g++ -std=c++11 -o conftest -O3 -Wall   conftest.cpp -lmpfr  -lgmp -lgmp  >&5
configure:16994: $? = 0
configure:17003: result: yes
configure:17017: checking for mpfr_fms in -lmpfr
configure:17042: g++ -std=c++11 -o conftest -O3 -Wall   conftest.cpp -lmpfr  -lmpfr -lgmp -lgmp  >&5
configure:17042: $? = 0
configure:17051: result: yes
configure:17078: checking qd/dd_real.h usability
configure:17078: g++ -std=c++11 -c -O3 -Wall  -I/include conftest.cpp >&5
configure:17078: $? = 0
configure:17078: result: yes
configure:17078: checking qd/dd_real.h presence
configure:17078: g++ -E -std=c++11  -I/include conftest.cpp
configure:17078: $? = 0
configure:17078: result: yes
configure:17078: checking for qd/dd_real.h
configure:17078: result: yes
configure:17100: checking for ANSI C header files
configure:17204: result: yes
configure:17215: checking limits.h usability
configure:17215: g++ -std=c++11 -c -O3 -Wall  -I/include conftest.cpp >&5
configure:17215: $? = 0
configure:17215: result: yes
configure:17215: checking limits.h presence
configure:17215: g++ -E -std=c++11  -I/include conftest.cpp
configure:17215: $? = 0
configure:17215: result: yes
configure:17215: checking for limits.h
configure:17215: result: yes
configure:17215: checking cstdio usability
configure:17215: g++ -std=c++11 -c -O3 -Wall  -I/include conftest.cpp >&5
configure:17215: $? = 0
configure:17215: result: yes
configure:17215: checking cstdio presence
configure:17215: g++ -E -std=c++11  -I/include conftest.cpp
configure:17215: $? = 0
configure:17215: result: yes
configure:17215: checking for cstdio
configure:17215: result: yes
configure:17215: checking iostream usability
configure:17215: g++ -std=c++11 -c -O3 -Wall  -I/include conftest.cpp >&5
configure:17215: $? = 0
configure:17215: result: yes
configure:17215: checking iostream presence
configure:17215: g++ -E -std=c++11  -I/include conftest.cpp
configure:17215: $? = 0
configure:17215: result: yes
configure:17215: checking for iostream
configure:17215: result: yes
configure:17215: checking string usability
configure:17215: g++ -std=c++11 -c -O3 -Wall  -I/include conftest.cpp >&5
configure:17215: $? = 0
configure:17215: result: yes
configure:17215: checking string presence
configure:17215: g++ -E -std=c++11  -I/include conftest.cpp
configure:17215: $? = 0
configure:17215: result: yes
configure:17215: checking for string
configure:17215: result: yes
configure:17215: checking limits usability
configure:17215: g++ -std=c++11 -c -O3 -Wall  -I/include conftest.cpp >&5
configure:17215: $? = 0
configure:17215: result: yes
configure:17215: checking limits presence
configure:17215: g++ -E -std=c++11  -I/include conftest.cpp
configure:17215: $? = 0
configure:17215: result: yes
configure:17215: checking for limits
configure:17215: result: yes
configure:17215: checking vector usability
configure:17215: g++ -std=c++11 -c -O3 -Wall  -I/include conftest.cpp >&5
configure:17215: $? = 0
configure:17215: result: yes
configure:17215: checking vector presence
configure:17215: g++ -E -std=c++11  -I/include conftest.cpp
configure:17215: $? = 0
configure:17215: result: yes
configure:17215: checking for vector
configure:17215: result: yes
configure:17227: checking for stdbool.h that conforms to C99
configure:17294: g++ -std=c++11 -c -O3 -Wall  -I/include conftest.cpp >&5
conftest.cpp: In function 'int main()':
conftest.cpp:85:24: warning: the address of 's' will always evaluate as 'true' [-Waddress]
              bool e = &s;
                        ^
conftest.cpp:89:23: warning: the address of 'a' will always evaluate as 'true' [-Waddress]
              return (!a + !b + !c + !d + !e + !f + !g + !h + !i + !!j + !k + !!l
                       ^
conftest.cpp:89:28: warning: the address of 'b' will always evaluate as 'true' [-Waddress]
              return (!a + !b + !c + !d + !e + !f + !g + !h + !i + !!j + !k + !!l
                            ^
conftest.cpp:89:33: warning: the address of 'c' will always evaluate as 'true' [-Waddress]
              return (!a + !b + !c + !d + !e + !f + !g + !h + !i + !!j + !k + !!l
                                 ^
conftest.cpp:89:38: warning: the address of 'd' will always evaluate as 'true' [-Waddress]
              return (!a + !b + !c + !d + !e + !f + !g + !h + !i + !!j + !k + !!l
                                      ^
conftest.cpp:89:48: warning: the address of 'f' will always evaluate as 'true' [-Waddress]
              return (!a + !b + !c + !d + !e + !f + !g + !h + !i + !!j + !k + !!l
                                                ^
conftest.cpp:89:53: warning: the address of 'g' will always evaluate as 'true' [-Waddress]
              return (!a + !b + !c + !d + !e + !f + !g + !h + !i + !!j + !k + !!l
                                                     ^
conftest.cpp:89:58: warning: the address of 'h' will always evaluate as 'true' [-Waddress]
              return (!a + !b + !c + !d + !e + !f + !g + !h + !i + !!j + !k + !!l
                                                          ^
conftest.cpp:89:63: warning: the address of 'i' will always evaluate as 'true' [-Waddress]
              return (!a + !b + !c + !d + !e + !f + !g + !h + !i + !!j + !k + !!l
                                                               ^
conftest.cpp:90:30: warning: the address of 'n' will always evaluate as 'true' [-Waddress]
                              ^
conftest.cpp:90:35: warning: the address of 'o' will always evaluate as 'true' [-Waddress]
                                   ^
conftest.cpp:90:40: warning: the address of 'p' will always evaluate as 'true' [-Waddress]
                                        ^
configure:17294: $? = 0
configure:17301: result: yes
configure:17303: checking for _Bool
configure:17303: g++ -std=c++11 -c -O3 -Wall  -I/include conftest.cpp >&5
conftest.cpp: In function 'int main()':
conftest.cpp:72:13: error: '_Bool' was not declared in this scope
 if (sizeof (_Bool))
             ^
configure:17303: $? = 1
configure: failed program was:
| /* confdefs.h */
| #define PACKAGE_NAME "fplll"
| #define PACKAGE_TARNAME "fplll"
| #define PACKAGE_VERSION "5.2.0"
| #define PACKAGE_STRING "fplll 5.2.0"
| #define PACKAGE_BUGREPORT ""
| #define PACKAGE_URL ""
| #define PACKAGE "fplll"
| #define VERSION "5.2.0"
| #define STDC_HEADERS 1
| #define HAVE_SYS_TYPES_H 1
| #define HAVE_SYS_STAT_H 1
| #define HAVE_STDLIB_H 1
| #define HAVE_STRING_H 1
| #define HAVE_MEMORY_H 1
| #define HAVE_STRINGS_H 1
| #define HAVE_INTTYPES_H 1
| #define HAVE_STDINT_H 1
| #define HAVE_UNISTD_H 1
| #define HAVE_DLFCN_H 1
| #define LT_OBJDIR ".libs/"
| #define HAVE_CXX11 1
| #define HAVE_LIBGMP 1
| #define HAVE_LIBGMP 1
| #define HAVE_LIBMPFR 1
| #define HAVE_LIBMPFR 1
| #define FPLLL_WITH_QD 1
| #define STDC_HEADERS 1
| #define HAVE_LIMITS_H 1
| #define HAVE_CSTDIO 1
| #define HAVE_IOSTREAM 1
| #define HAVE_STRING 1
| #define HAVE_LIMITS 1
| #define HAVE_VECTOR 1
| /* end confdefs.h.  */
| #include <stdio.h>
| #ifdef HAVE_SYS_TYPES_H
| # include <sys/types.h>
| #endif
| #ifdef HAVE_SYS_STAT_H
| # include <sys/stat.h>
| #endif
| #ifdef STDC_HEADERS
| # include <stdlib.h>
| # include <stddef.h>
| #else
| # ifdef HAVE_STDLIB_H
| #  include <stdlib.h>
| # endif
| #endif
| #ifdef HAVE_STRING_H
| # if !defined STDC_HEADERS && defined HAVE_MEMORY_H
| #  include <memory.h>
| # endif
| # include <string.h>
| #endif
| #ifdef HAVE_STRINGS_H
| # include <strings.h>
| #endif
| #ifdef HAVE_INTTYPES_H
| # include <inttypes.h>
| #endif
| #ifdef HAVE_STDINT_H
| # include <stdint.h>
| #endif
| #ifdef HAVE_UNISTD_H
| # include <unistd.h>
| #endif
| int
| main ()
| {
| if (sizeof (_Bool))
| 	 return 0;
|   ;
|   return 0;
| }
configure:17303: result: no
configure:17320: checking for an ANSI C-conforming const
configure:17386: g++ -std=c++11 -c -O3 -Wall  -I/include conftest.cpp >&5
configure:17386: $? = 0
configure:17393: result: yes
configure:17401: checking for inline
configure:17417: g++ -std=c++11 -c -O3 -Wall  -I/include conftest.cpp >&5
configure:17417: $? = 0
configure:17425: result: inline
configure:17443: checking for size_t
configure:17443: g++ -std=c++11 -c -O3 -Wall  -I/include conftest.cpp >&5
configure:17443: $? = 0
configure:17443: g++ -std=c++11 -c -O3 -Wall  -I/include conftest.cpp >&5
conftest.cpp: In function 'int main()':
conftest.cpp:73:20: error: expected primary-expression before ')' token
 if (sizeof ((size_t)))
                    ^
configure:17443: $? = 1
configure: failed program was:
| /* confdefs.h */
| #define PACKAGE_NAME "fplll"
| #define PACKAGE_TARNAME "fplll"
| #define PACKAGE_VERSION "5.2.0"
| #define PACKAGE_STRING "fplll 5.2.0"
| #define PACKAGE_BUGREPORT ""
| #define PACKAGE_URL ""
| #define PACKAGE "fplll"
| #define VERSION "5.2.0"
| #define STDC_HEADERS 1
| #define HAVE_SYS_TYPES_H 1
| #define HAVE_SYS_STAT_H 1
| #define HAVE_STDLIB_H 1
| #define HAVE_STRING_H 1
| #define HAVE_MEMORY_H 1
| #define HAVE_STRINGS_H 1
| #define HAVE_INTTYPES_H 1
| #define HAVE_STDINT_H 1
| #define HAVE_UNISTD_H 1
| #define HAVE_DLFCN_H 1
| #define LT_OBJDIR ".libs/"
| #define HAVE_CXX11 1
| #define HAVE_LIBGMP 1
| #define HAVE_LIBGMP 1
| #define HAVE_LIBMPFR 1
| #define HAVE_LIBMPFR 1
| #define FPLLL_WITH_QD 1
| #define STDC_HEADERS 1
| #define HAVE_LIMITS_H 1
| #define HAVE_CSTDIO 1
| #define HAVE_IOSTREAM 1
| #define HAVE_STRING 1
| #define HAVE_LIMITS 1
| #define HAVE_VECTOR 1
| #define HAVE_STDBOOL_H 1
| /* end confdefs.h.  */
| #include <stdio.h>
| #ifdef HAVE_SYS_TYPES_H
| # include <sys/types.h>
| #endif
| #ifdef HAVE_SYS_STAT_H
| # include <sys/stat.h>
| #endif
| #ifdef STDC_HEADERS
| # include <stdlib.h>
| # include <stddef.h>
| #else
| # ifdef HAVE_STDLIB_H
| #  include <stdlib.h>
| # endif
| #endif
| #ifdef HAVE_STRING_H
| # if !defined STDC_HEADERS && defined HAVE_MEMORY_H
| #  include <memory.h>
| # endif
| # include <string.h>
| #endif
| #ifdef HAVE_STRINGS_H
| # include <strings.h>
| #endif
| #ifdef HAVE_INTTYPES_H
| # include <inttypes.h>
| #endif
| #ifdef HAVE_STDINT_H
| # include <stdint.h>
| #endif
| #ifdef HAVE_UNISTD_H
| # include <unistd.h>
| #endif
| int
| main ()
| {
| if (sizeof ((size_t)))
| 	    return 0;
|   ;
|   return 0;
| }
configure:17443: result: yes
configure:17454: checking for working volatile
configure:17473: g++ -std=c++11 -c -O3 -Wall  -I/include conftest.cpp >&5
configure:17473: $? = 0
configure:17480: result: yes
configure:17490: checking for working strtod
configure:17531: g++ -std=c++11 -o conftest -O3 -Wall  -I/include  -L/lib conftest.cpp -lmpfr -lmpfr -lgmp -lgmp  >&5
conftest.cpp: In function 'int main()':
conftest.cpp:79:20: warning: deprecated conversion from string constant to 'char*' [-Wwrite-strings]
     char *string = " +69";
                    ^
conftest.cpp:90:20: warning: deprecated conversion from string constant to 'char*' [-Wwrite-strings]
     char *string = "NaN";
                    ^
configure:17531: $? = 0
configure:17531: ./conftest
configure:17531: $? = 0
configure:17541: result: yes
configure:17606: checking for floor
configure:17606: g++ -std=c++11 -o conftest -O3 -Wall  -I/include  -L/lib conftest.cpp -lmpfr -lmpfr -lgmp -lgmp  >&5
configure:17606: $? = 0
configure:17606: result: yes
configure:17606: checking for pow
configure:17606: g++ -std=c++11 -o conftest -O3 -Wall  -I/include  -L/lib conftest.cpp -lmpfr -lmpfr -lgmp -lgmp  >&5
configure:17606: $? = 0
configure:17606: result: yes
configure:17606: checking for rint
configure:17606: g++ -std=c++11 -o conftest -O3 -Wall  -I/include  -L/lib conftest.cpp -lmpfr -lmpfr -lgmp -lgmp  >&5
configure:17606: $? = 0
configure:17606: result: yes
configure:17606: checking for sqrt
configure:17606: g++ -std=c++11 -o conftest -O3 -Wall  -I/include  -L/lib conftest.cpp -lmpfr -lmpfr -lgmp -lgmp  >&5
configure:17606: $? = 0
configure:17606: result: yes
configure:17606: checking for strtol
configure:17606: g++ -std=c++11 -o conftest -O3 -Wall  -I/include  -L/lib conftest.cpp -lmpfr -lmpfr -lgmp -lgmp  >&5
configure:17606: $? = 0
configure:17606: result: yes
configure:17787: checking that generated files are newer than configure
configure:17793: result: done
configure:17824: creating ./config.status

## ---------------- ##
## Cache variables. ##
## ---------------- ##

ac_cv_build=x86_64-unknown-linux-gnu
ac_cv_c_compiler_gnu=yes
ac_cv_c_const=yes
ac_cv_c_inline=inline
ac_cv_c_volatile=yes
ac_cv_cxx_compiler_gnu=yes
ac_cv_env_CCC_set=
ac_cv_env_CCC_value=
ac_cv_env_CC_set=
ac_cv_env_CC_value=
ac_cv_env_CFLAGS_set=
ac_cv_env_CFLAGS_value=
ac_cv_env_CPPFLAGS_set=
ac_cv_env_CPPFLAGS_value=
ac_cv_env_CPP_set=
ac_cv_env_CPP_value=
ac_cv_env_CXXCPP_set=
ac_cv_env_CXXCPP_value=
ac_cv_env_CXXFLAGS_set=
ac_cv_env_CXXFLAGS_value=
ac_cv_env_CXX_set=
ac_cv_env_CXX_value=
ac_cv_env_LDFLAGS_set=
ac_cv_env_LDFLAGS_value=
ac_cv_env_LIBS_set=
ac_cv_env_LIBS_value=
ac_cv_env_build_alias_set=
ac_cv_env_build_alias_value=
ac_cv_env_host_alias_set=
ac_cv_env_host_alias_value=
ac_cv_env_target_alias_set=
ac_cv_env_target_alias_value=
ac_cv_func_floor=yes
ac_cv_func_pow=yes
ac_cv_func_rint=yes
ac_cv_func_sqrt=yes
ac_cv_func_strtod=yes
ac_cv_func_strtol=yes
ac_cv_header_cstdio=yes
ac_cv_header_dlfcn_h=yes
ac_cv_header_inttypes_h=yes
ac_cv_header_iostream=yes
ac_cv_header_limits=yes
ac_cv_header_limits_h=yes
ac_cv_header_memory_h=yes
ac_cv_header_qd_dd_real_h=yes
ac_cv_header_stdbool_h=yes
ac_cv_header_stdc=yes
ac_cv_header_stdint_h=yes
ac_cv_header_stdlib_h=yes
ac_cv_header_string=yes
ac_cv_header_string_h=yes
ac_cv_header_strings_h=yes
ac_cv_header_sys_stat_h=yes
ac_cv_header_sys_types_h=yes
ac_cv_header_unistd_h=yes
ac_cv_header_vector=yes
ac_cv_host=x86_64-unknown-linux-gnu
ac_cv_lib_gmp___gmp_get_memory_functions=yes
ac_cv_lib_gmp___gmpz_init=yes
ac_cv_lib_mpfr_mpfr_add=yes
ac_cv_lib_mpfr_mpfr_fms=yes
ac_cv_objext=o
ac_cv_path_EGREP='/bin/grep -E'
ac_cv_path_FGREP='/bin/grep -F'
ac_cv_path_GREP=/bin/grep
ac_cv_path_SED=/bin/sed
ac_cv_path_install='/usr/bin/install -c'
ac_cv_path_mkdir=/bin/mkdir
ac_cv_prog_AWK=gawk
ac_cv_prog_CPP='gcc -E'
ac_cv_prog_CXXCPP='g++ -E'
ac_cv_prog_ac_ct_AR=ar
ac_cv_prog_ac_ct_CC=gcc
ac_cv_prog_ac_ct_CXX=g++
ac_cv_prog_ac_ct_MANIFEST_TOOL=mt
ac_cv_prog_ac_ct_OBJDUMP=objdump
ac_cv_prog_ac_ct_RANLIB=ranlib
ac_cv_prog_ac_ct_STRIP=strip
ac_cv_prog_cc_c89=
ac_cv_prog_cc_g=yes
ac_cv_prog_cxx_g=yes
ac_cv_prog_make_make_set=yes
ac_cv_type__Bool=no
ac_cv_type_size_t=yes
am_cv_CC_dependencies_compiler_type=gcc3
am_cv_CXX_dependencies_compiler_type=gcc3
am_cv_make_support_nested_variables=yes
am_cv_prog_cc_c_o=yes
ax_cv_cxx_compile_cxx11=no
ax_cv_cxx_compile_cxx11__std_cpp11=yes
lt_cv_ar_at_file=@
lt_cv_archive_cmds_need_lc=no
lt_cv_deplibs_check_method=pass_all
lt_cv_file_magic_cmd='$MAGIC_CMD'
lt_cv_file_magic_test_file=
lt_cv_ld_reload_flag=-r
lt_cv_nm_interface='BSD nm'
lt_cv_objdir=.libs
lt_cv_path_LD=/usr/bin/ld
lt_cv_path_LDCXX='/usr/bin/ld -m elf_x86_64'
lt_cv_path_NM='/usr/bin/nm -B'
lt_cv_path_mainfest_tool=no
lt_cv_prog_compiler_c_o=yes
lt_cv_prog_compiler_c_o_CXX=yes
lt_cv_prog_compiler_pic='-fPIC -DPIC'
lt_cv_prog_compiler_pic_CXX='-fPIC -DPIC'
lt_cv_prog_compiler_pic_works=yes
lt_cv_prog_compiler_pic_works_CXX=yes
lt_cv_prog_compiler_rtti_exceptions=no
lt_cv_prog_compiler_static_works=yes
lt_cv_prog_compiler_static_works_CXX=yes
lt_cv_prog_gnu_ld=yes
lt_cv_prog_gnu_ldcxx=yes
lt_cv_sharedlib_from_linklib_cmd='printf %s\n'
lt_cv_shlibpath_overrides_runpath=no
lt_cv_sys_global_symbol_pipe='sed -n -e '\''s/^.*[	 ]\([ABCDGIRSTW][ABCDGIRSTW]*\)[	 ][	 ]*\([_A-Za-z][_A-Za-z0-9]*\)$/\1 \2 \2/p'\'' | sed '\''/ __gnu_lto/d'\'''
lt_cv_sys_global_symbol_to_c_name_address='sed -n -e '\''s/^: \([^ ]*\)[ ]*$/  {\"\1\", (void *) 0},/p'\'' -e '\''s/^[ABCDGIRSTW]* \([^ ]*\) \([^ ]*\)$/  {"\2", (void *) \&\2},/p'\'''
lt_cv_sys_global_symbol_to_c_name_address_lib_prefix='sed -n -e '\''s/^: \([^ ]*\)[ ]*$/  {\"\1\", (void *) 0},/p'\'' -e '\''s/^[ABCDGIRSTW]* \([^ ]*\) \(lib[^ ]*\)$/  {"\2", (void *) \&\2},/p'\'' -e '\''s/^[ABCDGIRSTW]* \([^ ]*\) \([^ ]*\)$/  {"lib\2", (void *) \&\2},/p'\'''
lt_cv_sys_global_symbol_to_cdecl='sed -n -e '\''s/^T .* \(.*\)$/extern int \1();/p'\'' -e '\''s/^[ABCDGIRSTW]* .* \(.*\)$/extern char \1;/p'\'''
lt_cv_sys_max_cmd_len=1572864
lt_cv_to_host_file_cmd=func_convert_file_noop
lt_cv_to_tool_file_cmd=func_convert_file_noop

## ----------------- ##
## Output variables. ##
## ----------------- ##

ACLOCAL='${SHELL} /home/wwen/Documents/fplll_iter/fplll/missing aclocal-1.14'
AMDEPBACKSLASH='\'
AMDEP_FALSE='#'
AMDEP_TRUE=''
AMTAR='$${TAR-tar}'
AM_BACKSLASH='\'
AM_DEFAULT_V='$(AM_DEFAULT_VERBOSITY)'
AM_DEFAULT_VERBOSITY='0'
AM_V='$(V)'
AR='ar'
AUTOCONF='${SHELL} /home/wwen/Documents/fplll_iter/fplll/missing autoconf'
AUTOHEADER='${SHELL} /home/wwen/Documents/fplll_iter/fplll/missing autoheader'
AUTOMAKE='${SHELL} /home/wwen/Documents/fplll_iter/fplll/missing automake-1.14'
AWK='gawk'
CC='gcc'
CCDEPMODE='depmode=gcc3'
CFLAGS='-g -O2'
CPP='gcc -E'
CPPFLAGS=' -I/include'
CXX='g++ -std=c++11'
CXXCPP='g++ -E -std=c++11'
CXXDEPMODE='depmode=gcc3'
CXXFLAGS='-O3 -Wall'
CYGPATH_W='echo'
DEFS='-DHAVE_CONFIG_H'
DEPDIR='.deps'
DLLTOOL='false'
DSYMUTIL=''
DUMPBIN=''
ECHO_C=''
ECHO_N='-n'
ECHO_T=''
EGREP='/bin/grep -E'
EXEEXT=''
FGREP='/bin/grep -F'
FPLLL_LT_AGE='0'
FPLLL_LT_CURRENT='4'
FPLLL_LT_REVISION='0'
GREP='/bin/grep'
HAVE_CXX11='1'
INSTALL_DATA='${INSTALL} -m 644'
INSTALL_PROGRAM='${INSTALL}'
INSTALL_SCRIPT='${INSTALL}'
INSTALL_STRIP_PROGRAM='$(install_sh) -c -s'
LD='/usr/bin/ld -m elf_x86_64'
LDFLAGS=' -L/lib'
LIBOBJS=''
LIBQD_LIBADD='-lqd'
LIBS='-lmpfr -lmpfr -lgmp -lgmp '
LIBTOOL='$(SHELL) $(top_builddir)/libtool'
LIPO=''
LN_S='ln -s'
LTLIBOBJS=''
MAKEINFO='${SHELL} /home/wwen/Documents/fplll_iter/fplll/missing makeinfo'
MANIFEST_TOOL=':'
MKDIR_P='/bin/mkdir -p'
NM='/usr/bin/nm -B'
NMEDIT=''
OBJDUMP='objdump'
OBJEXT='o'
OTOOL64=''
OTOOL=''
PACKAGE='fplll'
PACKAGE_BUGREPORT=''
PACKAGE_NAME='fplll'
PACKAGE_STRING='fplll 5.2.0'
PACKAGE_TARNAME='fplll'
PACKAGE_URL=''
PACKAGE_VERSION='5.2.0'
PATH_SEPARATOR=':'
POW_LIB=''
RANLIB='ranlib'
SED='/bin/sed'
SET_MAKE=''
SHELL='/bin/bash'
STRIP='strip'
VERSION='5.2.0'
ac_ct_AR='ar'
ac_ct_CC='gcc'
ac_ct_CXX='g++'
ac_ct_DUMPBIN=''
am__EXEEXT_FALSE=''
am__EXEEXT_TRUE='#'
am__fastdepCC_FALSE='#'
am__fastdepCC_TRUE=''
am__fastdepCXX_FALSE='#'
am__fastdepCXX_TRUE=''
am__include='include'
am__isrc=''
am__leading_dot='.'
am__nodep='_no'
am__quote=''
am__tar='$${TAR-tar} chof - "$$tardir"'
am__untar='$${TAR-tar} xf -'
bindir='${exec_prefix}/bin'
build='x86_64-unknown-linux-gnu'
build_alias=''
build_cpu='x86_64'
build_os='linux-gnu'
build_vendor='unknown'
datadir='${datarootdir}'
datarootdir='${prefix}/share'
docdir='${datarootdir}/doc/${PACKAGE_TARNAME}'
dvidir='${docdir}'
exec_prefix='${prefix}'
host='x86_64-unknown-linux-gnu'
host_alias=''
host_cpu='x86_64'
host_os='linux-gnu'
host_vendor='unknown'
htmldir='${docdir}'
includedir='${prefix}/include'
infodir='${datarootdir}/info'
install_sh='${SHELL} /home/wwen/Documents/fplll_iter/fplll/install-sh'
libdir='${exec_prefix}/lib'
libexecdir='${exec_prefix}/libexec'
localedir='${datarootdir}/locale'
localstatedir='${prefix}/var'
mandir='${datarootdir}/man'
mkdir_p='$(MKDIR_P)'
oldincludedir='/usr/include'
pdfdir='${docdir}'
prefix='/usr/local'
program_transform_name='s,x,x,'
psdir='${docdir}'
sbindir='${exec_prefix}/sbin'
sharedstatedir='${prefix}/com'
sysconfdir='${prefix}/etc'
target_alias=''

## ----------- ##
## confdefs.h. ##
## ----------- ##

/* confdefs.h */
#define PACKAGE_NAME "fplll"
#define PACKAGE_TARNAME "fplll"
#define PACKAGE_VERSION "5.2.0"
#define PACKAGE_STRING "fplll 5.2.0"
#define PACKAGE_BUGREPORT ""
#define PACKAGE_URL ""
#define PACKAGE "fplll"
#define VERSION "5.2.0"
#define STDC_HEADERS 1
#define HAVE_SYS_TYPES_H 1
#define HAVE_SYS_STAT_H 1
#define HAVE_STDLIB_H 1
#define HAVE_STRING_H 1
#define HAVE_MEMORY_H 1
#define HAVE_STRINGS_H 1
#define HAVE_INTTYPES_H 1
#define HAVE_STDINT_H 1
#define HAVE_UNISTD_H 1
#define HAVE_DLFCN_H 1
#define LT_OBJDIR ".libs/"
#define HAVE_CXX11 1
#define HAVE_LIBGMP 1
#define HAVE_LIBGMP 1
#define HAVE_LIBMPFR 1
#define HAVE_LIBMPFR 1
#define FPLLL_WITH_QD 1
#define STDC_HEADERS 1
#define HAVE_LIMITS_H 1
#define HAVE_CSTDIO 1
#define HAVE_IOSTREAM 1
#define HAVE_STRING 1
#define HAVE_LIMITS 1
#define HAVE_VECTOR 1
#define HAVE_STDBOOL_H 1
#define HAVE_FLOOR 1
#define HAVE_POW 1
#define HAVE_RINT 1
#define HAVE_SQRT 1
#define HAVE_STRTOL 1
#define FPLLL_MAX_ENUM_DIMENSION 256
#define FPLLL_WITH_RECURSIVE_ENUM 1
#define FPLLL_MAJOR_VERSION 5
#define FPLLL_MINOR_VERSION 2
#define FPLLL_MICRO_VERSION 0
#define FPLLL_VERSION 5.2.0
#define FPLLL_VERSION_INFO 

configure: exit 0

## ---------------------- ##
## Running config.status. ##
## ---------------------- ##

This file was extended by fplll config.status 5.2.0, which was
generated by GNU Autoconf 2.69.  Invocation command line was

  CONFIG_FILES    = 
  CONFIG_HEADERS  = 
  CONFIG_LINKS    = 
  CONFIG_COMMANDS = 
  $ ./config.status 

on citron

config.status:1179: creating Makefile
config.status:1179: creating fplll/Makefile
config.status:1179: creating tests/Makefile
config.status:1179: creating fplll.pc
config.status:1179: creating config.h
config.status:1360: config.h is unchanged
config.status:1179: creating fplll/fplll_config.h
config.status:1360: fplll/fplll_config.h is unchanged
config.status:1408: executing depfiles commands
config.status:1408: executing libtool commands

## ---------------------- ##
## Running config.status. ##
## ---------------------- ##

This file was extended by fplll config.status 5.2.0, which was
generated by GNU Autoconf 2.69.  Invocation command line was

  CONFIG_FILES    = 
  CONFIG_HEADERS  = 
  CONFIG_LINKS    = 
  CONFIG_COMMANDS = 
  $ ./config.status config.h

on citron

config.status:1179: creating config.h
config.status:1360: config.h is unchanged
